# JRE version: OpenJDK Runtime Environment Temurin-21.0.8+9 (21.0.8+9) (build 21.0.8+9-LTS)
# Java VM: OpenJDK 64-Bit Server VM Temurin-21.0.8+9 (21.0.8+9-LTS, mixed mode, sharing, tiered, compressed oops, compressed class ptrs, parallel gc, windows-amd64)
GC Precious Log:
 CardTable entry size: 512
 CPUs: 8 total, 8 available
 Memory: 7971M
 Large Page Support: Disabled
 NUMA Support: Disabled
 Compressed Oops: Enabled (32-bit)
 Alignments: Space 512K, Generation 512K, Heap 2M
 Heap Min Capacity: 100M
 Heap Initial Capacity: 100M
 Heap Max Capacity: 2G
 Pre-touch: Disabled
 Parallel Workers: 8
Heap:
 PSYoungGen      total 3072K, used 456K [0x00000000d5580000, 0x00000000d5c00000, 0x0000000100000000)
  eden space 2560K, 7% used [0x00000000d5580000,0x00000000d55b2250,0x00000000d5800000)
  from space 512K, 50% used [0x00000000d5b00000,0x00000000d5b40000,0x00000000d5b80000)
  to   space 512K, 0% used [0x00000000d5b80000,0x00000000d5b80000,0x00000000d5c00000)
 ParOldGen       total 569856K, used 569467K [0x0000000080000000, 0x00000000a2c80000, 0x00000000d5580000)
  object space 569856K, 99% used [0x0000000080000000,0x00000000a2c1ee60,0x00000000a2c80000)
 Metaspace       used 71759K, committed 73216K, reserved 1114112K
  class space    used 7570K, committed 8192K, reserved 1048576K
GC Heap History (20 events):
Event: 29410.767 GC heap before
{Heap before GC invocations=527 (full 3):
 PSYoungGen      total 3584K, used 2943K [0x00000000d5580000, 0x00000000d5b00000, 0x0000000100000000)
  eden space 2560K, 99% used [0x00000000d5580000,0x00000000d57fffe0,0x00000000d5800000)
  from space 1024K, 37% used [0x00000000d5900000,0x00000000d5960000,0x00000000d5a00000)
  to   space 512K, 0% used [0x00000000d5a80000,0x00000000d5a80000,0x00000000d5b00000)
 ParOldGen       total 559104K, used 558763K [0x0000000080000000, 0x00000000a2200000, 0x00000000d5580000)
  object space 559104K, 99% used [0x0000000080000000,0x00000000a21aaef8,0x00000000a2200000)
 Metaspace       used 71479K, committed 72896K, reserved 1114112K
  class space    used 7540K, committed 8128K, reserved 1048576K
}
Event: 29410.768 GC heap after
{Heap after GC invocations=527 (full 3):
 PSYoungGen      total 3072K, used 192K [0x00000000d5580000, 0x00000000d5b00000, 0x0000000100000000)
  eden space 2560K, 0% used [0x00000000d5580000,0x00000000d5580000,0x00000000d5800000)
  from space 512K, 37% used [0x00000000d5a80000,0x00000000d5ab0000,0x00000000d5b00000)
  to   space 512K, 0% used [0x00000000d5a00000,0x00000000d5a00000,0x00000000d5a80000)
 ParOldGen       total 559104K, used 558795K [0x0000000080000000, 0x00000000a2200000, 0x00000000d5580000)
  object space 559104K, 99% used [0x0000000080000000,0x00000000a21b2ef8,0x00000000a2200000)
 Metaspace       used 71479K, committed 72896K, reserved 1114112K
  class space    used 7540K, committed 8128K, reserved 1048576K
}
Event: 29410.799 GC heap before
{Heap before GC invocations=528 (full 3):
 PSYoungGen      total 3072K, used 2752K [0x00000000d5580000, 0x00000000d5b00000, 0x0000000100000000)
  eden space 2560K, 100% used [0x00000000d5580000,0x00000000d5800000,0x00000000d5800000)
  from space 512K, 37% used [0x00000000d5a80000,0x00000000d5ab0000,0x00000000d5b00000)
  to   space 512K, 0% used [0x00000000d5a00000,0x00000000d5a00000,0x00000000d5a80000)
 ParOldGen       total 559104K, used 558795K [0x0000000080000000, 0x00000000a2200000, 0x00000000d5580000)
  object space 559104K, 99% used [0x0000000080000000,0x00000000a21b2ef8,0x00000000a2200000)
 Metaspace       used 71486K, committed 72896K, reserved 1114112K
  class space    used 7540K, committed 8128K, reserved 1048576K
}
Event: 29410.802 GC heap after
{Heap after GC invocations=528 (full 3):
 PSYoungGen      total 3072K, used 487K [0x00000000d5580000, 0x00000000d5e00000, 0x0000000100000000)
  eden space 2560K, 0% used [0x00000000d5580000,0x00000000d5580000,0x00000000d5800000)
  from space 512K, 95% used [0x00000000d5a00000,0x00000000d5a79f40,0x00000000d5a80000)
  to   space 3072K, 0% used [0x00000000d5b00000,0x00000000d5b00000,0x00000000d5e00000)
 ParOldGen       total 561152K, used 560739K [0x0000000080000000, 0x00000000a2400000, 0x00000000d5580000)
  object space 561152K, 99% used [0x0000000080000000,0x00000000a2398e48,0x00000000a2400000)
 Metaspace       used 71486K, committed 72896K, reserved 1114112K
  class space    used 7540K, committed 8128K, reserved 1048576K
}
Event: 29410.813 GC heap before
{Heap before GC invocations=529 (full 3):
 PSYoungGen      total 3072K, used 3047K [0x00000000d5580000, 0x00000000d5e00000, 0x0000000100000000)
  eden space 2560K, 100% used [0x00000000d5580000,0x00000000d5800000,0x00000000d5800000)
  from space 512K, 95% used [0x00000000d5a00000,0x00000000d5a79f40,0x00000000d5a80000)
  to   space 3072K, 0% used [0x00000000d5b00000,0x00000000d5b00000,0x00000000d5e00000)
 ParOldGen       total 561152K, used 560739K [0x0000000080000000, 0x00000000a2400000, 0x00000000d5580000)
  object space 561152K, 99% used [0x0000000080000000,0x00000000a2398e48,0x00000000a2400000)
 Metaspace       used 71487K, committed 72896K, reserved 1114112K
  class space    used 7540K, committed 8128K, reserved 1048576K
}
Event: 29410.816 GC heap after
{Heap after GC invocations=529 (full 3):
 PSYoungGen      total 5120K, used 2208K [0x00000000d5580000, 0x00000000d5d80000, 0x0000000100000000)
  eden space 2560K, 0% used [0x00000000d5580000,0x00000000d5580000,0x00000000d5800000)
  from space 2560K, 86% used [0x00000000d5b00000,0x00000000d5d28000,0x00000000d5d80000)
  to   space 2560K, 0% used [0x00000000d5880000,0x00000000d5880000,0x00000000d5b00000)
 ParOldGen       total 561664K, used 561203K [0x0000000080000000, 0x00000000a2480000, 0x00000000d5580000)
  object space 561664K, 99% used [0x0000000080000000,0x00000000a240cd98,0x00000000a2480000)
 Metaspace       used 71487K, committed 72896K, reserved 1114112K
  class space    used 7540K, committed 8128K, reserved 1048576K
}
Event: 29410.844 GC heap before
{Heap before GC invocations=530 (full 3):
 PSYoungGen      total 5120K, used 4768K [0x00000000d5580000, 0x00000000d5d80000, 0x0000000100000000)
  eden space 2560K, 100% used [0x00000000d5580000,0x00000000d5800000,0x00000000d5800000)
  from space 2560K, 86% used [0x00000000d5b00000,0x00000000d5d28000,0x00000000d5d80000)
  to   space 2560K, 0% used [0x00000000d5880000,0x00000000d5880000,0x00000000d5b00000)
 ParOldGen       total 561664K, used 561203K [0x0000000080000000, 0x00000000a2480000, 0x00000000d5580000)
  object space 561664K, 99% used [0x0000000080000000,0x00000000a240cd98,0x00000000a2480000)
 Metaspace       used 71487K, committed 72896K, reserved 1114112K
  class space    used 7540K, committed 8128K, reserved 1048576K
}
Event: 29410.850 GC heap after
{Heap after GC invocations=530 (full 3):
 PSYoungGen      total 5120K, used 2080K [0x00000000d5580000, 0x00000000d5d00000, 0x0000000100000000)
  eden space 2560K, 0% used [0x00000000d5580000,0x00000000d5580000,0x00000000d5800000)
  from space 2560K, 81% used [0x00000000d5880000,0x00000000d5a88000,0x00000000d5b00000)
  to   space 2048K, 0% used [0x00000000d5b00000,0x00000000d5b00000,0x00000000d5d00000)
 ParOldGen       total 563712K, used 563299K [0x0000000080000000, 0x00000000a2680000, 0x00000000d5580000)
  object space 563712K, 99% used [0x0000000080000000,0x00000000a2618d98,0x00000000a2680000)
 Metaspace       used 71487K, committed 72896K, reserved 1114112K
  class space    used 7540K, committed 8128K, reserved 1048576K
}
Event: 29410.912 GC heap before
{Heap before GC invocations=531 (full 3):
 PSYoungGen      total 5120K, used 4639K [0x00000000d5580000, 0x00000000d5d00000, 0x0000000100000000)
  eden space 2560K, 99% used [0x00000000d5580000,0x00000000d57fff78,0x00000000d5800000)
  from space 2560K, 81% used [0x00000000d5880000,0x00000000d5a88000,0x00000000d5b00000)
  to   space 2048K, 0% used [0x00000000d5b00000,0x00000000d5b00000,0x00000000d5d00000)
 ParOldGen       total 563712K, used 563299K [0x0000000080000000, 0x00000000a2680000, 0x00000000d5580000)
  object space 563712K, 99% used [0x0000000080000000,0x00000000a2618d98,0x00000000a2680000)
 Metaspace       used 71504K, committed 72896K, reserved 1114112K
  class space    used 7540K, committed 8128K, reserved 1048576K
}
Event: 29410.915 GC heap after
{Heap after GC invocations=531 (full 3):
 PSYoungGen      total 3584K, used 890K [0x00000000d5580000, 0x00000000d5c00000, 0x0000000100000000)
  eden space 2560K, 0% used [0x00000000d5580000,0x00000000d5580000,0x00000000d5800000)
  from space 1024K, 86% used [0x00000000d5b00000,0x00000000d5bdeb30,0x00000000d5c00000)
  to   space 1536K, 0% used [0x00000000d5900000,0x00000000d5900000,0x00000000d5a80000)
 ParOldGen       total 565248K, used 565203K [0x0000000080000000, 0x00000000a2800000, 0x00000000d5580000)
  object space 565248K, 99% used [0x0000000080000000,0x00000000a27f4d98,0x00000000a2800000)
 Metaspace       used 71504K, committed 72896K, reserved 1114112K
  class space    used 7540K, committed 8128K, reserved 1048576K
}
Event: 29410.923 GC heap before
{Heap before GC invocations=532 (full 3):
 PSYoungGen      total 3584K, used 3436K [0x00000000d5580000, 0x00000000d5c00000, 0x0000000100000000)
  eden space 2560K, 99% used [0x00000000d5580000,0x00000000d57fc630,0x00000000d5800000)
  from space 1024K, 86% used [0x00000000d5b00000,0x00000000d5bdeb30,0x00000000d5c00000)
  to   space 1536K, 0% used [0x00000000d5900000,0x00000000d5900000,0x00000000d5a80000)
 ParOldGen       total 565248K, used 565203K [0x0000000080000000, 0x00000000a2800000, 0x00000000d5580000)
  object space 565248K, 99% used [0x0000000080000000,0x00000000a27f4d98,0x00000000a2800000)
 Metaspace       used 71504K, committed 72896K, reserved 1114112K
  class space    used 7540K, committed 8128K, reserved 1048576K
}
Event: 29410.927 GC heap after
{Heap after GC invocations=532 (full 3):
 PSYoungGen      total 4096K, used 1525K [0x00000000d5580000, 0x00000000d6000000, 0x0000000100000000)
  eden space 2560K, 0% used [0x00000000d5580000,0x00000000d5580000,0x00000000d5800000)
  from space 1536K, 99% used [0x00000000d5900000,0x00000000d5a7d400,0x00000000d5a80000)
  to   space 4096K, 0% used [0x00000000d5c00000,0x00000000d5c00000,0x00000000d6000000)
 ParOldGen       total 567296K, used 567051K [0x0000000080000000, 0x00000000a2a00000, 0x00000000d5580000)
  object space 567296K, 99% used [0x0000000080000000,0x00000000a29c2e60,0x00000000a2a00000)
 Metaspace       used 71504K, committed 72896K, reserved 1114112K
  class space    used 7540K, committed 8128K, reserved 1048576K
}
Event: 29411.193 GC heap before
{Heap before GC invocations=533 (full 3):
 PSYoungGen      total 4096K, used 4085K [0x00000000d5580000, 0x00000000d6000000, 0x0000000100000000)
  eden space 2560K, 100% used [0x00000000d5580000,0x00000000d5800000,0x00000000d5800000)
  from space 1536K, 99% used [0x00000000d5900000,0x00000000d5a7d400,0x00000000d5a80000)
  to   space 4096K, 0% used [0x00000000d5c00000,0x00000000d5c00000,0x00000000d6000000)
 ParOldGen       total 567296K, used 567051K [0x0000000080000000, 0x00000000a2a00000, 0x00000000d5580000)
  object space 567296K, 99% used [0x0000000080000000,0x00000000a29c2e60,0x00000000a2a00000)
 Metaspace       used 71509K, committed 72960K, reserved 1114112K
  class space    used 7541K, committed 8128K, reserved 1048576K
}
Event: 29411.201 GC heap after
{Heap after GC invocations=533 (full 3):
 PSYoungGen      total 4096K, used 1184K [0x00000000d5580000, 0x00000000d5d80000, 0x0000000100000000)
  eden space 2560K, 0% used [0x00000000d5580000,0x00000000d5580000,0x00000000d5800000)
  from space 1536K, 77% used [0x00000000d5c00000,0x00000000d5d28010,0x00000000d5d80000)
  to   space 2048K, 0% used [0x00000000d5980000,0x00000000d5980000,0x00000000d5b80000)
 ParOldGen       total 568832K, used 568579K [0x0000000080000000, 0x00000000a2b80000, 0x00000000d5580000)
  object space 568832K, 99% used [0x0000000080000000,0x00000000a2b40e60,0x00000000a2b80000)
 Metaspace       used 71509K, committed 72960K, reserved 1114112K
  class space    used 7541K, committed 8128K, reserved 1048576K
}
Event: 29432.372 GC heap before
{Heap before GC invocations=534 (full 3):
 PSYoungGen      total 4096K, used 3744K [0x00000000d5580000, 0x00000000d5d80000, 0x0000000100000000)
  eden space 2560K, 100% used [0x00000000d5580000,0x00000000d5800000,0x00000000d5800000)
  from space 1536K, 77% used [0x00000000d5c00000,0x00000000d5d28010,0x00000000d5d80000)
  to   space 2048K, 0% used [0x00000000d5980000,0x00000000d5980000,0x00000000d5b80000)
 ParOldGen       total 568832K, used 568579K [0x0000000080000000, 0x00000000a2b80000, 0x00000000d5580000)
  object space 568832K, 99% used [0x0000000080000000,0x00000000a2b40e60,0x00000000a2b80000)
 Metaspace       used 71521K, committed 72960K, reserved 1114112K
  class space    used 7542K, committed 8128K, reserved 1048576K
}
Event: 29432.383 GC heap after
{Heap after GC invocations=534 (full 3):
 PSYoungGen      total 4608K, used 224K [0x00000000d5580000, 0x00000000d5c80000, 0x0000000100000000)
  eden space 2560K, 0% used [0x00000000d5580000,0x00000000d5580000,0x00000000d5800000)
  from space 2048K, 10% used [0x00000000d5980000,0x00000000d59b8000,0x00000000d5b80000)
  to   space 1024K, 0% used [0x00000000d5b80000,0x00000000d5b80000,0x00000000d5c80000)
 ParOldGen       total 569856K, used 569387K [0x0000000080000000, 0x00000000a2c80000, 0x00000000d5580000)
  object space 569856K, 99% used [0x0000000080000000,0x00000000a2c0ae60,0x00000000a2c80000)
 Metaspace       used 71521K, committed 72960K, reserved 1114112K
  class space    used 7542K, committed 8128K, reserved 1048576K
}
Event: 29665.720 GC heap before
{Heap before GC invocations=535 (full 3):
 PSYoungGen      total 4608K, used 2783K [0x00000000d5580000, 0x00000000d5c80000, 0x0000000100000000)
  eden space 2560K, 99% used [0x00000000d5580000,0x00000000d57fffd0,0x00000000d5800000)
  from space 2048K, 10% used [0x00000000d5980000,0x00000000d59b8000,0x00000000d5b80000)
  to   space 1024K, 0% used [0x00000000d5b80000,0x00000000d5b80000,0x00000000d5c80000)
 ParOldGen       total 569856K, used 569387K [0x0000000080000000, 0x00000000a2c80000, 0x00000000d5580000)
  object space 569856K, 99% used [0x0000000080000000,0x00000000a2c0ae60,0x00000000a2c80000)
 Metaspace       used 71538K, committed 72960K, reserved 1114112K
  class space    used 7543K, committed 8128K, reserved 1048576K
}
Event: 29665.886 GC heap after
{Heap after GC invocations=535 (full 3):
 PSYoungGen      total 3072K, used 224K [0x00000000d5580000, 0x00000000d5c00000, 0x0000000100000000)
  eden space 2560K, 0% used [0x00000000d5580000,0x00000000d5580000,0x00000000d5800000)
  from space 512K, 43% used [0x00000000d5b80000,0x00000000d5bb8000,0x00000000d5c00000)
  to   space 512K, 0% used [0x00000000d5b00000,0x00000000d5b00000,0x00000000d5b80000)
 ParOldGen       total 569856K, used 569419K [0x0000000080000000, 0x00000000a2c80000, 0x00000000d5580000)
  object space 569856K, 99% used [0x0000000080000000,0x00000000a2c12e60,0x00000000a2c80000)
 Metaspace       used 71538K, committed 72960K, reserved 1114112K
  class space    used 7543K, committed 8128K, reserved 1048576K
}
Event: 174433.560 GC heap before
{Heap before GC invocations=536 (full 3):
 PSYoungGen      total 3072K, used 2783K [0x00000000d5580000, 0x00000000d5c00000, 0x0000000100000000)
  eden space 2560K, 99% used [0x00000000d5580000,0x00000000d57fffe8,0x00000000d5800000)
  from space 512K, 43% used [0x00000000d5b80000,0x00000000d5bb8000,0x00000000d5c00000)
  to   space 512K, 0% used [0x00000000d5b00000,0x00000000d5b00000,0x00000000d5b80000)
 ParOldGen       total 569856K, used 569419K [0x0000000080000000, 0x00000000a2c80000, 0x00000000d5580000)
  object space 569856K, 99% used [0x0000000080000000,0x00000000a2c12e60,0x00000000a2c80000)
 Metaspace       used 71755K, committed 73216K, reserved 1114112K
  class space    used 7570K, committed 8192K, reserved 1048576K
}
Event: 174433.749 GC heap after
{Heap after GC invocations=536 (full 3):
 PSYoungGen      total 3072K, used 256K [0x00000000d5580000, 0x00000000d5c00000, 0x0000000100000000)
  eden space 2560K, 0% used [0x00000000d5580000,0x00000000d5580000,0x00000000d5800000)
  from space 512K, 50% used [0x00000000d5b00000,0x00000000d5b40000,0x00000000d5b80000)
  to   space 512K, 0% used [0x00000000d5b80000,0x00000000d5b80000,0x00000000d5c00000)
 ParOldGen       total 569856K, used 569467K [0x0000000080000000, 0x00000000a2c80000, 0x00000000d5580000)
  object space 569856K, 99% used [0x0000000080000000,0x00000000a2c1ee60,0x00000000a2c80000)
 Metaspace       used 71755K, committed 73216K, reserved 1114112K
  class space    used 7570K, committed 8192K, reserved 1048576K
}

